2564-06-01 20:46:06,210 laptop backend-dev.jar[10868] INFO  [io.quarkus] (Quarkus Main Thread) backend 1.0.0-SNAPSHOT on JVM (powered by Quarkus 1.13.2.Final) started in 9.100s. Listening on: http://localhost:9090
2564-06-01 20:46:06,212 laptop backend-dev.jar[10868] INFO  [io.quarkus] (Quarkus Main Thread) Profile dev activated. Live Coding activated.
2564-06-01 20:46:06,213 laptop backend-dev.jar[10868] INFO  [io.quarkus] (Quarkus Main Thread) Installed features: [agroal, cdi, hibernate-orm, hibernate-orm-panache, jdbc-mysql, kubernetes, mutiny, narayana-jta, rest-client, resteasy, resteasy-jackson, security, smallrye-context-propagation, smallrye-jwt, smallrye-openapi, spring-data-jpa, spring-di, swagger-ui, vertx, vertx-web]
2565-04-10 22:22:55,553 laptop backend-dev.jar[22236] WARN  [io.agr.pool] (agroal-11) Datasource '<default>': Access denied for user 'root'@'172.18.0.1' (using password: YES)
2565-04-10 22:22:55,556 laptop backend-dev.jar[22236] WARN  [org.hib.eng.jdb.env.int.JdbcEnvironmentInitiator] (Quarkus Main Thread) HHH000342: Could not obtain connection to query metadata: java.sql.SQLException: Access denied for user 'root'@'172.18.0.1' (using password: YES)
	at com.mysql.cj.jdbc.exceptions.SQLError.createSQLException(SQLError.java:129)
	at com.mysql.cj.jdbc.exceptions.SQLExceptionsMapping.translateException(SQLExceptionsMapping.java:122)
	at com.mysql.cj.jdbc.ConnectionImpl.createNewIO(ConnectionImpl.java:833)
	at com.mysql.cj.jdbc.ConnectionImpl.<init>(ConnectionImpl.java:453)
	at com.mysql.cj.jdbc.ConnectionImpl.getInstance(ConnectionImpl.java:246)
	at com.mysql.cj.jdbc.NonRegisteringDriver.connect(NonRegisteringDriver.java:198)
	at io.agroal.pool.ConnectionFactory.createConnection(ConnectionFactory.java:204)
	at io.agroal.pool.ConnectionPool$CreateConnectionTask.call(ConnectionPool.java:490)
	at io.agroal.pool.ConnectionPool$CreateConnectionTask.call(ConnectionPool.java:472)
	at java.base/java.util.concurrent.FutureTask.run(FutureTask.java:264)
	at io.agroal.pool.util.PriorityScheduledExecutor.beforeExecute(PriorityScheduledExecutor.java:68)
	at java.base/java.util.concurrent.ThreadPoolExecutor.runWorker(ThreadPoolExecutor.java:1126)
	at java.base/java.util.concurrent.ThreadPoolExecutor$Worker.run(ThreadPoolExecutor.java:628)
	at java.base/java.lang.Thread.run(Thread.java:829)

2565-04-10 22:22:55,910 laptop backend-dev.jar[22236] WARN  [io.agr.pool] (agroal-11) Datasource '<default>': Access denied for user 'root'@'172.18.0.1' (using password: YES)
2565-04-10 22:22:55,911 laptop backend-dev.jar[22236] WARN  [org.hib.eng.jdb.spi.SqlExceptionHelper] (Quarkus Main Thread) SQL Error: 1045, SQLState: 28000
2565-04-10 22:22:55,912 laptop backend-dev.jar[22236] ERROR [org.hib.eng.jdb.spi.SqlExceptionHelper] (Quarkus Main Thread) Access denied for user 'root'@'172.18.0.1' (using password: YES)
2565-04-10 22:22:56,007 laptop backend-dev.jar[22236] ERROR [io.qua.run.Application] (Quarkus Main Thread) Failed to start application (with profile dev): java.sql.SQLException: Access denied for user 'root'@'172.18.0.1' (using password: YES)
	at com.mysql.cj.jdbc.exceptions.SQLError.createSQLException(SQLError.java:129)
	at com.mysql.cj.jdbc.exceptions.SQLExceptionsMapping.translateException(SQLExceptionsMapping.java:122)
	at com.mysql.cj.jdbc.ConnectionImpl.createNewIO(ConnectionImpl.java:833)
	at com.mysql.cj.jdbc.ConnectionImpl.<init>(ConnectionImpl.java:453)
	at com.mysql.cj.jdbc.ConnectionImpl.getInstance(ConnectionImpl.java:246)
	at com.mysql.cj.jdbc.NonRegisteringDriver.connect(NonRegisteringDriver.java:198)
	at io.agroal.pool.ConnectionFactory.createConnection(ConnectionFactory.java:204)
	at io.agroal.pool.ConnectionPool$CreateConnectionTask.call(ConnectionPool.java:490)
	at io.agroal.pool.ConnectionPool$CreateConnectionTask.call(ConnectionPool.java:472)
	at java.base/java.util.concurrent.FutureTask.run(FutureTask.java:264)
	at io.agroal.pool.util.PriorityScheduledExecutor.beforeExecute(PriorityScheduledExecutor.java:68)
	at java.base/java.util.concurrent.ThreadPoolExecutor.runWorker(ThreadPoolExecutor.java:1126)
	at java.base/java.util.concurrent.ThreadPoolExecutor$Worker.run(ThreadPoolExecutor.java:628)
	at java.base/java.lang.Thread.run(Thread.java:829)

2565-04-10 22:22:56,013 laptop backend-dev.jar[22236] INFO  [io.qua.dep.dev.IsolatedDevModeMain] (main) Attempting to start hot replacement endpoint to recover from previous Quarkus startup failure
2565-04-10 22:23:52,550 laptop backend-dev.jar[19432] INFO  [io.quarkus] (Quarkus Main Thread) backend 1.0.0-SNAPSHOT on JVM (powered by Quarkus 1.13.2.Final) started in 8.562s. Listening on: http://localhost:9090
2565-04-10 22:23:52,553 laptop backend-dev.jar[19432] INFO  [io.quarkus] (Quarkus Main Thread) Profile dev activated. Live Coding activated.
2565-04-10 22:23:52,555 laptop backend-dev.jar[19432] INFO  [io.quarkus] (Quarkus Main Thread) Installed features: [agroal, cdi, hibernate-orm, hibernate-orm-panache, jdbc-mysql, kubernetes, mutiny, narayana-jta, rest-client, resteasy, resteasy-jackson, security, smallrye-context-propagation, smallrye-jwt, smallrye-openapi, spring-data-jpa, spring-di, swagger-ui, vertx, vertx-web]
2565-04-10 22:23:52,793 laptop backend-dev.jar[19432] ERROR [io.qua.ver.htt.run.QuarkusErrorHandler] (vert.x-eventloop-thread-6) HTTP Request to / failed, error id: 4d625fe2-63bc-4b7a-ab2e-08c71ced14b6-1: javax.enterprise.inject.spi.DeploymentException: SRJWT02002: Failed to read the public key content from 'mp.jwt.verify.publickey.location'
	at io.smallrye.jwt.config.JWTAuthContextInfoProvider.getOptionalContextInfo(JWTAuthContextInfoProvider.java:415)
	at io.smallrye.jwt.config.JWTAuthContextInfoProvider_Subclass.getOptionalContextInfo$$superaccessor12(JWTAuthContextInfoProvider_Subclass.zig:1998)
	at io.smallrye.jwt.config.JWTAuthContextInfoProvider_Subclass$$function$$12.apply(JWTAuthContextInfoProvider_Subclass$$function$$12.zig:29)
	at io.quarkus.arc.impl.AroundInvokeInvocationContext.proceed(AroundInvokeInvocationContext.java:54)
	at io.quarkus.arc.runtime.devconsole.InvocationInterceptor.proceed(InvocationInterceptor.java:63)
	at io.quarkus.arc.runtime.devconsole.InvocationInterceptor.monitor(InvocationInterceptor.java:51)
	at io.quarkus.arc.runtime.devconsole.InvocationInterceptor_Bean.intercept(InvocationInterceptor_Bean.zig:521)
	at io.quarkus.arc.impl.InterceptorInvocation.invoke(InterceptorInvocation.java:41)
	at io.quarkus.arc.impl.AroundInvokeInvocationContext.perform(AroundInvokeInvocationContext.java:41)
	at io.quarkus.arc.impl.InvocationContexts.performAroundInvoke(InvocationContexts.java:32)
	at io.smallrye.jwt.config.JWTAuthContextInfoProvider_Subclass.getOptionalContextInfo(JWTAuthContextInfoProvider_Subclass.zig:1956)
	at io.smallrye.jwt.config.JWTAuthContextInfoProvider.getContextInfo(JWTAuthContextInfoProvider.java:592)
	at io.smallrye.jwt.config.JWTAuthContextInfoProvider_Subclass.getContextInfo$$superaccessor21(JWTAuthContextInfoProvider_Subclass.zig:2963)
	at io.smallrye.jwt.config.JWTAuthContextInfoProvider_Subclass$$function$$21.apply(JWTAuthContextInfoProvider_Subclass$$function$$21.zig:29)
	at io.quarkus.arc.impl.AroundInvokeInvocationContext.proceed(AroundInvokeInvocationContext.java:54)
	at io.quarkus.arc.runtime.devconsole.InvocationInterceptor.proceed(InvocationInterceptor.java:63)
	at io.quarkus.arc.runtime.devconsole.InvocationInterceptor.monitor(InvocationInterceptor.java:51)
	at io.quarkus.arc.runtime.devconsole.InvocationInterceptor_Bean.intercept(InvocationInterceptor_Bean.zig:521)
	at io.quarkus.arc.impl.InterceptorInvocation.invoke(InterceptorInvocation.java:41)
	at io.quarkus.arc.impl.AroundInvokeInvocationContext.perform(AroundInvokeInvocationContext.java:41)
	at io.quarkus.arc.impl.InvocationContexts.performAroundInvoke(InvocationContexts.java:32)
	at io.smallrye.jwt.config.JWTAuthContextInfoProvider_Subclass.getContextInfo(JWTAuthContextInfoProvider_Subclass.zig:2921)
	at io.smallrye.jwt.config.JWTAuthContextInfoProvider_ProducerMethod_getContextInfo_21d111677ae04ef1a7cf911100af3482e4c3b30a_Bean.create(JWTAuthContextInfoProvider_ProducerMethod_getContextInfo_21d111677ae04ef1a7cf911100af3482e4c3b30a_Bean.zig:167)
	at io.smallrye.jwt.config.JWTAuthContextInfoProvider_ProducerMethod_getContextInfo_21d111677ae04ef1a7cf911100af3482e4c3b30a_Bean.create(JWTAuthContextInfoProvider_ProducerMethod_getContextInfo_21d111677ae04ef1a7cf911100af3482e4c3b30a_Bean.zig:205)
	at io.quarkus.arc.impl.AbstractSharedContext.createInstanceHandle(AbstractSharedContext.java:96)
	at io.quarkus.arc.impl.AbstractSharedContext.access$000(AbstractSharedContext.java:14)
	at io.quarkus.arc.impl.AbstractSharedContext$1.get(AbstractSharedContext.java:29)
	at io.quarkus.arc.impl.AbstractSharedContext$1.get(AbstractSharedContext.java:26)
	at io.quarkus.arc.impl.LazyValue.get(LazyValue.java:26)
	at io.quarkus.arc.impl.ComputingCache.computeIfAbsent(ComputingCache.java:69)
	at io.quarkus.arc.impl.AbstractSharedContext.get(AbstractSharedContext.java:26)
	at io.quarkus.arc.impl.ClientProxies.getApplicationScopedDelegate(ClientProxies.java:17)
	at io.smallrye.jwt.config.JWTAuthContextInfoProvider_ProducerMethod_getContextInfo_21d111677ae04ef1a7cf911100af3482e4c3b30a_ClientProxy.arc$delegate(JWTAuthContextInfoProvider_ProducerMethod_getContextInfo_21d111677ae04ef1a7cf911100af3482e4c3b30a_ClientProxy.zig:67)
	at io.smallrye.jwt.config.JWTAuthContextInfoProvider_ProducerMethod_getContextInfo_21d111677ae04ef1a7cf911100af3482e4c3b30a_ClientProxy.getTokenHeader(JWTAuthContextInfoProvider_ProducerMethod_getContextInfo_21d111677ae04ef1a7cf911100af3482e4c3b30a_ClientProxy.zig:1024)
	at io.quarkus.smallrye.jwt.runtime.auth.JWTAuthMechanism.getCredentialTransport(JWTAuthMechanism.java:97)
	at io.quarkus.smallrye.jwt.runtime.auth.JWTAuthMechanism_Subclass.getCredentialTransport$$superaccessor3(JWTAuthMechanism_Subclass.zig:521)
	at io.quarkus.smallrye.jwt.runtime.auth.JWTAuthMechanism_Subclass$$function$$3.apply(JWTAuthMechanism_Subclass$$function$$3.zig:29)
	at io.quarkus.arc.impl.AroundInvokeInvocationContext.proceed(AroundInvokeInvocationContext.java:54)
	at io.quarkus.arc.runtime.devconsole.InvocationInterceptor.proceed(InvocationInterceptor.java:63)
	at io.quarkus.arc.runtime.devconsole.InvocationInterceptor.monitor(InvocationInterceptor.java:51)
	at io.quarkus.arc.runtime.devconsole.InvocationInterceptor_Bean.intercept(InvocationInterceptor_Bean.zig:521)
	at io.quarkus.arc.impl.InterceptorInvocation.invoke(InterceptorInvocation.java:41)
	at io.quarkus.arc.impl.AroundInvokeInvocationContext.perform(AroundInvokeInvocationContext.java:41)
	at io.quarkus.arc.impl.InvocationContexts.performAroundInvoke(InvocationContexts.java:32)
	at io.quarkus.smallrye.jwt.runtime.auth.JWTAuthMechanism_Subclass.getCredentialTransport(JWTAuthMechanism_Subclass.zig:479)
	at io.quarkus.smallrye.jwt.runtime.auth.JWTAuthMechanism_ClientProxy.getCredentialTransport(JWTAuthMechanism_ClientProxy.zig:126)
	at io.quarkus.vertx.http.runtime.security.HttpAuthenticator.<init>(HttpAuthenticator.java:69)
	at io.quarkus.vertx.http.runtime.security.HttpAuthenticator_Subclass.<init>(HttpAuthenticator_Subclass.zig:26)
	at io.quarkus.vertx.http.runtime.security.HttpAuthenticator_Bean.create(HttpAuthenticator_Bean.zig:418)
	at io.quarkus.vertx.http.runtime.security.HttpAuthenticator_Bean.create(HttpAuthenticator_Bean.zig:479)
	at io.quarkus.arc.impl.AbstractSharedContext.createInstanceHandle(AbstractSharedContext.java:96)
	at io.quarkus.arc.impl.AbstractSharedContext.access$000(AbstractSharedContext.java:14)
	at io.quarkus.arc.impl.AbstractSharedContext$1.get(AbstractSharedContext.java:29)
	at io.quarkus.arc.impl.AbstractSharedContext$1.get(AbstractSharedContext.java:26)
	at io.quarkus.arc.impl.LazyValue.get(LazyValue.java:26)
	at io.quarkus.arc.impl.ComputingCache.computeIfAbsent(ComputingCache.java:69)
	at io.quarkus.arc.impl.AbstractSharedContext.get(AbstractSharedContext.java:26)
	at io.quarkus.arc.impl.ClientProxies.getApplicationScopedDelegate(ClientProxies.java:17)
	at io.quarkus.vertx.http.runtime.security.HttpAuthenticator_ClientProxy.arc$delegate(HttpAuthenticator_ClientProxy.zig:67)
	at io.quarkus.vertx.http.runtime.security.HttpAuthenticator_ClientProxy.attemptAuthentication(HttpAuthenticator_ClientProxy.zig:154)
	at io.quarkus.vertx.http.runtime.security.HttpSecurityRecorder$2.handle(HttpSecurityRecorder.java:101)
	at io.quarkus.vertx.http.runtime.security.HttpSecurityRecorder$2.handle(HttpSecurityRecorder.java:51)
	at io.vertx.ext.web.impl.RouteState.handleContext(RouteState.java:1038)
	at io.vertx.ext.web.impl.RoutingContextImplBase.iterateNext(RoutingContextImplBase.java:137)
	at io.vertx.ext.web.impl.RoutingContextImpl.next(RoutingContextImpl.java:132)
	at io.quarkus.vertx.http.runtime.cors.CORSFilter.handle(CORSFilter.java:92)
	at io.quarkus.vertx.http.runtime.cors.CORSFilter.handle(CORSFilter.java:18)
	at io.vertx.ext.web.impl.RouteState.handleContext(RouteState.java:1038)
	at io.vertx.ext.web.impl.RoutingContextImplBase.iterateNext(RoutingContextImplBase.java:137)
	at io.vertx.ext.web.impl.RoutingContextImpl.next(RoutingContextImpl.java:132)
	at io.quarkus.vertx.http.runtime.devmode.VertxHttpHotReplacementSetup$3.handle(VertxHttpHotReplacementSetup.java:86)
	at io.quarkus.vertx.http.runtime.devmode.VertxHttpHotReplacementSetup$3.handle(VertxHttpHotReplacementSetup.java:75)
	at io.vertx.core.impl.ContextImpl.lambda$null$0(ContextImpl.java:327)
	at io.vertx.core.impl.ContextImpl.executeTask(ContextImpl.java:366)
	at io.vertx.core.impl.EventLoopContext.lambda$executeAsync$0(EventLoopContext.java:38)
	at io.netty.util.concurrent.AbstractEventExecutor.safeExecute(AbstractEventExecutor.java:164)
	at io.netty.util.concurrent.SingleThreadEventExecutor.runAllTasks(SingleThreadEventExecutor.java:472)
	at io.netty.channel.nio.NioEventLoop.run(NioEventLoop.java:500)
	at io.netty.util.concurrent.SingleThreadEventExecutor$4.run(SingleThreadEventExecutor.java:989)
	at io.netty.util.internal.ThreadExecutorMap$2.run(ThreadExecutorMap.java:74)
	at io.netty.util.concurrent.FastThreadLocalRunnable.run(FastThreadLocalRunnable.java:30)
	at java.base/java.lang.Thread.run(Thread.java:829)
Caused by: java.net.MalformedURLException: unknown protocol: c
	at java.base/java.net.URL.<init>(URL.java:652)
	at java.base/java.net.URL.<init>(URL.java:541)
	at java.base/java.net.URL.<init>(URL.java:488)
	at io.smallrye.jwt.util.ResourceUtils$UrlStreamResolver.resolve(ResourceUtils.java:110)
	at io.smallrye.jwt.util.ResourceUtils.getResourceStream(ResourceUtils.java:81)
	at io.smallrye.jwt.util.ResourceUtils.readResource(ResourceUtils.java:44)
	at io.smallrye.jwt.util.ResourceUtils.readResource(ResourceUtils.java:39)
	at io.smallrye.jwt.config.JWTAuthContextInfoProvider.getOptionalContextInfo(JWTAuthContextInfoProvider.java:410)
	... 81 more

2565-04-10 22:23:53,931 laptop backend-dev.jar[19432] ERROR [io.qua.ver.htt.run.QuarkusErrorHandler] (vert.x-eventloop-thread-6) HTTP Request to /favicon.ico failed, error id: 4d625fe2-63bc-4b7a-ab2e-08c71ced14b6-2: javax.enterprise.inject.spi.DeploymentException: SRJWT02002: Failed to read the public key content from 'mp.jwt.verify.publickey.location'
	at io.smallrye.jwt.config.JWTAuthContextInfoProvider.getOptionalContextInfo(JWTAuthContextInfoProvider.java:415)
	at io.smallrye.jwt.config.JWTAuthContextInfoProvider_Subclass.getOptionalContextInfo$$superaccessor12(JWTAuthContextInfoProvider_Subclass.zig:1998)
	at io.smallrye.jwt.config.JWTAuthContextInfoProvider_Subclass$$function$$12.apply(JWTAuthContextInfoProvider_Subclass$$function$$12.zig:29)
	at io.quarkus.arc.impl.AroundInvokeInvocationContext.proceed(AroundInvokeInvocationContext.java:54)
	at io.quarkus.arc.runtime.devconsole.InvocationInterceptor.proceed(InvocationInterceptor.java:63)
	at io.quarkus.arc.runtime.devconsole.InvocationInterceptor.monitor(InvocationInterceptor.java:51)
	at io.quarkus.arc.runtime.devconsole.InvocationInterceptor_Bean.intercept(InvocationInterceptor_Bean.zig:521)
	at io.quarkus.arc.impl.InterceptorInvocation.invoke(InterceptorInvocation.java:41)
	at io.quarkus.arc.impl.AroundInvokeInvocationContext.perform(AroundInvokeInvocationContext.java:41)
	at io.quarkus.arc.impl.InvocationContexts.performAroundInvoke(InvocationContexts.java:32)
	at io.smallrye.jwt.config.JWTAuthContextInfoProvider_Subclass.getOptionalContextInfo(JWTAuthContextInfoProvider_Subclass.zig:1956)
	at io.smallrye.jwt.config.JWTAuthContextInfoProvider.getContextInfo(JWTAuthContextInfoProvider.java:592)
	at io.smallrye.jwt.config.JWTAuthContextInfoProvider_Subclass.getContextInfo$$superaccessor21(JWTAuthContextInfoProvider_Subclass.zig:2963)
	at io.smallrye.jwt.config.JWTAuthContextInfoProvider_Subclass$$function$$21.apply(JWTAuthContextInfoProvider_Subclass$$function$$21.zig:29)
	at io.quarkus.arc.impl.AroundInvokeInvocationContext.proceed(AroundInvokeInvocationContext.java:54)
	at io.quarkus.arc.runtime.devconsole.InvocationInterceptor.proceed(InvocationInterceptor.java:63)
	at io.quarkus.arc.runtime.devconsole.InvocationInterceptor.monitor(InvocationInterceptor.java:51)
	at io.quarkus.arc.runtime.devconsole.InvocationInterceptor_Bean.intercept(InvocationInterceptor_Bean.zig:521)
	at io.quarkus.arc.impl.InterceptorInvocation.invoke(InterceptorInvocation.java:41)
	at io.quarkus.arc.impl.AroundInvokeInvocationContext.perform(AroundInvokeInvocationContext.java:41)
	at io.quarkus.arc.impl.InvocationContexts.performAroundInvoke(InvocationContexts.java:32)
	at io.smallrye.jwt.config.JWTAuthContextInfoProvider_Subclass.getContextInfo(JWTAuthContextInfoProvider_Subclass.zig:2921)
	at io.smallrye.jwt.config.JWTAuthContextInfoProvider_ProducerMethod_getContextInfo_21d111677ae04ef1a7cf911100af3482e4c3b30a_Bean.create(JWTAuthContextInfoProvider_ProducerMethod_getContextInfo_21d111677ae04ef1a7cf911100af3482e4c3b30a_Bean.zig:167)
	at io.smallrye.jwt.config.JWTAuthContextInfoProvider_ProducerMethod_getContextInfo_21d111677ae04ef1a7cf911100af3482e4c3b30a_Bean.create(JWTAuthContextInfoProvider_ProducerMethod_getContextInfo_21d111677ae04ef1a7cf911100af3482e4c3b30a_Bean.zig:205)
	at io.quarkus.arc.impl.AbstractSharedContext.createInstanceHandle(AbstractSharedContext.java:96)
	at io.quarkus.arc.impl.AbstractSharedContext.access$000(AbstractSharedContext.java:14)
	at io.quarkus.arc.impl.AbstractSharedContext$1.get(AbstractSharedContext.java:29)
	at io.quarkus.arc.impl.AbstractSharedContext$1.get(AbstractSharedContext.java:26)
	at io.quarkus.arc.impl.LazyValue.get(LazyValue.java:26)
	at io.quarkus.arc.impl.ComputingCache.computeIfAbsent(ComputingCache.java:69)
	at io.quarkus.arc.impl.AbstractSharedContext.get(AbstractSharedContext.java:26)
	at io.quarkus.arc.impl.ClientProxies.getApplicationScopedDelegate(ClientProxies.java:17)
	at io.smallrye.jwt.config.JWTAuthContextInfoProvider_ProducerMethod_getContextInfo_21d111677ae04ef1a7cf911100af3482e4c3b30a_ClientProxy.arc$delegate(JWTAuthContextInfoProvider_ProducerMethod_getContextInfo_21d111677ae04ef1a7cf911100af3482e4c3b30a_ClientProxy.zig:67)
	at io.smallrye.jwt.config.JWTAuthContextInfoProvider_ProducerMethod_getContextInfo_21d111677ae04ef1a7cf911100af3482e4c3b30a_ClientProxy.getTokenHeader(JWTAuthContextInfoProvider_ProducerMethod_getContextInfo_21d111677ae04ef1a7cf911100af3482e4c3b30a_ClientProxy.zig:1024)
	at io.quarkus.smallrye.jwt.runtime.auth.JWTAuthMechanism.getCredentialTransport(JWTAuthMechanism.java:97)
	at io.quarkus.smallrye.jwt.runtime.auth.JWTAuthMechanism_Subclass.getCredentialTransport$$superaccessor3(JWTAuthMechanism_Subclass.zig:521)
	at io.quarkus.smallrye.jwt.runtime.auth.JWTAuthMechanism_Subclass$$function$$3.apply(JWTAuthMechanism_Subclass$$function$$3.zig:29)
	at io.quarkus.arc.impl.AroundInvokeInvocationContext.proceed(AroundInvokeInvocationContext.java:54)
	at io.quarkus.arc.runtime.devconsole.InvocationInterceptor.proceed(InvocationInterceptor.java:63)
	at io.quarkus.arc.runtime.devconsole.InvocationInterceptor.monitor(InvocationInterceptor.java:51)
	at io.quarkus.arc.runtime.devconsole.InvocationInterceptor_Bean.intercept(InvocationInterceptor_Bean.zig:521)
	at io.quarkus.arc.impl.InterceptorInvocation.invoke(InterceptorInvocation.java:41)
	at io.quarkus.arc.impl.AroundInvokeInvocationContext.perform(AroundInvokeInvocationContext.java:41)
	at io.quarkus.arc.impl.InvocationContexts.performAroundInvoke(InvocationContexts.java:32)
	at io.quarkus.smallrye.jwt.runtime.auth.JWTAuthMechanism_Subclass.getCredentialTransport(JWTAuthMechanism_Subclass.zig:479)
	at io.quarkus.smallrye.jwt.runtime.auth.JWTAuthMechanism_ClientProxy.getCredentialTransport(JWTAuthMechanism_ClientProxy.zig:126)
	at io.quarkus.vertx.http.runtime.security.HttpAuthenticator.<init>(HttpAuthenticator.java:69)
	at io.quarkus.vertx.http.runtime.security.HttpAuthenticator_Subclass.<init>(HttpAuthenticator_Subclass.zig:26)
	at io.quarkus.vertx.http.runtime.security.HttpAuthenticator_Bean.create(HttpAuthenticator_Bean.zig:418)
	at io.quarkus.vertx.http.runtime.security.HttpAuthenticator_Bean.create(HttpAuthenticator_Bean.zig:479)
	at io.quarkus.arc.impl.AbstractSharedContext.createInstanceHandle(AbstractSharedContext.java:96)
	at io.quarkus.arc.impl.AbstractSharedContext.access$000(AbstractSharedContext.java:14)
	at io.quarkus.arc.impl.AbstractSharedContext$1.get(AbstractSharedContext.java:29)
	at io.quarkus.arc.impl.AbstractSharedContext$1.get(AbstractSharedContext.java:26)
	at io.quarkus.arc.impl.LazyValue.get(LazyValue.java:26)
	at io.quarkus.arc.impl.ComputingCache.computeIfAbsent(ComputingCache.java:69)
	at io.quarkus.arc.impl.AbstractSharedContext.get(AbstractSharedContext.java:26)
	at io.quarkus.arc.impl.ClientProxies.getApplicationScopedDelegate(ClientProxies.java:17)
	at io.quarkus.vertx.http.runtime.security.HttpAuthenticator_ClientProxy.arc$delegate(HttpAuthenticator_ClientProxy.zig:67)
	at io.quarkus.vertx.http.runtime.security.HttpAuthenticator_ClientProxy.attemptAuthentication(HttpAuthenticator_ClientProxy.zig:154)
	at io.quarkus.vertx.http.runtime.security.HttpSecurityRecorder$2.handle(HttpSecurityRecorder.java:101)
	at io.quarkus.vertx.http.runtime.security.HttpSecurityRecorder$2.handle(HttpSecurityRecorder.java:51)
	at io.vertx.ext.web.impl.RouteState.handleContext(RouteState.java:1038)
	at io.vertx.ext.web.impl.RoutingContextImplBase.iterateNext(RoutingContextImplBase.java:137)
	at io.vertx.ext.web.impl.RoutingContextImpl.next(RoutingContextImpl.java:132)
	at io.quarkus.vertx.http.runtime.cors.CORSFilter.handle(CORSFilter.java:92)
	at io.quarkus.vertx.http.runtime.cors.CORSFilter.handle(CORSFilter.java:18)
	at io.vertx.ext.web.impl.RouteState.handleContext(RouteState.java:1038)
	at io.vertx.ext.web.impl.RoutingContextImplBase.iterateNext(RoutingContextImplBase.java:137)
	at io.vertx.ext.web.impl.RoutingContextImpl.next(RoutingContextImpl.java:132)
	at io.quarkus.vertx.http.runtime.devmode.VertxHttpHotReplacementSetup.handleHotReplacementRequest(VertxHttpHotReplacementSetup.java:47)
	at io.quarkus.vertx.http.runtime.VertxHttpRecorder$5.handle(VertxHttpRecorder.java:352)
	at io.quarkus.vertx.http.runtime.VertxHttpRecorder$5.handle(VertxHttpRecorder.java:348)
	at io.vertx.ext.web.impl.RouteState.handleContext(RouteState.java:1038)
	at io.vertx.ext.web.impl.RoutingContextImplBase.iterateNext(RoutingContextImplBase.java:137)
	at io.vertx.ext.web.impl.RoutingContextImpl.next(RoutingContextImpl.java:132)
	at io.vertx.ext.web.impl.RouterImpl.handle(RouterImpl.java:54)
	at io.vertx.ext.web.impl.RouterImpl.handle(RouterImpl.java:36)
	at io.quarkus.vertx.http.runtime.VertxHttpRecorder$9.handle(VertxHttpRecorder.java:429)
	at io.quarkus.vertx.http.runtime.VertxHttpRecorder$9.handle(VertxHttpRecorder.java:426)
	at io.quarkus.vertx.http.runtime.VertxHttpRecorder$1.handle(VertxHttpRecorder.java:152)
	at io.quarkus.vertx.http.runtime.VertxHttpRecorder$1.handle(VertxHttpRecorder.java:131)
	at io.vertx.core.http.impl.WebSocketRequestHandler.handle(WebSocketRequestHandler.java:50)
	at io.vertx.core.http.impl.WebSocketRequestHandler.handle(WebSocketRequestHandler.java:32)
	at io.vertx.core.http.impl.Http1xServerConnection.handleMessage(Http1xServerConnection.java:136)
	at io.vertx.core.impl.ContextImpl.executeTask(ContextImpl.java:366)
	at io.vertx.core.impl.EventLoopContext.execute(EventLoopContext.java:43)
	at io.vertx.core.impl.ContextImpl.executeFromIO(ContextImpl.java:229)
	at io.vertx.core.net.impl.VertxHandler.channelRead(VertxHandler.java:164)
	at io.netty.channel.AbstractChannelHandlerContext.invokeChannelRead(AbstractChannelHandlerContext.java:379)
	at io.netty.channel.AbstractChannelHandlerContext.invokeChannelRead(AbstractChannelHandlerContext.java:365)
	at io.netty.channel.AbstractChannelHandlerContext.fireChannelRead(AbstractChannelHandlerContext.java:357)
	at io.netty.channel.ChannelInboundHandlerAdapter.channelRead(ChannelInboundHandlerAdapter.java:93)
	at io.netty.handler.codec.http.websocketx.extensions.WebSocketServerExtensionHandler.channelRead(WebSocketServerExtensionHandler.java:101)
	at io.netty.channel.AbstractChannelHandlerContext.invokeChannelRead(AbstractChannelHandlerContext.java:379)
	at io.netty.channel.AbstractChannelHandlerContext.invokeChannelRead(AbstractChannelHandlerContext.java:365)
	at io.netty.channel.AbstractChannelHandlerContext.fireChannelRead(AbstractChannelHandlerContext.java:357)
	at io.netty.handler.timeout.IdleStateHandler.channelRead(IdleStateHandler.java:286)
	at io.netty.channel.AbstractChannelHandlerContext.invokeChannelRead(AbstractChannelHandlerContext.java:379)
	at io.netty.channel.AbstractChannelHandlerContext.invokeChannelRead(AbstractChannelHandlerContext.java:365)
	at io.netty.channel.AbstractChannelHandlerContext.fireChannelRead(AbstractChannelHandlerContext.java:357)
	at io.netty.handler.codec.ByteToMessageDecoder.fireChannelRead(ByteToMessageDecoder.java:324)
	at io.netty.handler.codec.ByteToMessageDecoder.channelRead(ByteToMessageDecoder.java:296)
	at io.netty.channel.AbstractChannelHandlerContext.invokeChannelRead(AbstractChannelHandlerContext.java:379)
	at io.netty.channel.AbstractChannelHandlerContext.invokeChannelRead(AbstractChannelHandlerContext.java:365)
	at io.netty.channel.AbstractChannelHandlerContext.fireChannelRead(AbstractChannelHandlerContext.java:357)
	at io.netty.channel.DefaultChannelPipeline$HeadContext.channelRead(DefaultChannelPipeline.java:1410)
	at io.netty.channel.AbstractChannelHandlerContext.invokeChannelRead(AbstractChannelHandlerContext.java:379)
	at io.netty.channel.AbstractChannelHandlerContext.invokeChannelRead(AbstractChannelHandlerContext.java:365)
	at io.netty.channel.DefaultChannelPipeline.fireChannelRead(DefaultChannelPipeline.java:919)
	at io.netty.channel.nio.AbstractNioByteChannel$NioByteUnsafe.read(AbstractNioByteChannel.java:163)
	at io.netty.channel.nio.NioEventLoop.processSelectedKey(NioEventLoop.java:714)
	at io.netty.channel.nio.NioEventLoop.processSelectedKeysOptimized(NioEventLoop.java:650)
	at io.netty.channel.nio.NioEventLoop.processSelectedKeys(NioEventLoop.java:576)
	at io.netty.channel.nio.NioEventLoop.run(NioEventLoop.java:493)
	at io.netty.util.concurrent.SingleThreadEventExecutor$4.run(SingleThreadEventExecutor.java:989)
	at io.netty.util.internal.ThreadExecutorMap$2.run(ThreadExecutorMap.java:74)
	at io.netty.util.concurrent.FastThreadLocalRunnable.run(FastThreadLocalRunnable.java:30)
	at java.base/java.lang.Thread.run(Thread.java:829)
Caused by: java.net.MalformedURLException: unknown protocol: c
	at java.base/java.net.URL.<init>(URL.java:652)
	at java.base/java.net.URL.<init>(URL.java:541)
	at java.base/java.net.URL.<init>(URL.java:488)
	at io.smallrye.jwt.util.ResourceUtils$UrlStreamResolver.resolve(ResourceUtils.java:110)
	at io.smallrye.jwt.util.ResourceUtils.getResourceStream(ResourceUtils.java:81)
	at io.smallrye.jwt.util.ResourceUtils.readResource(ResourceUtils.java:44)
	at io.smallrye.jwt.util.ResourceUtils.readResource(ResourceUtils.java:39)
	at io.smallrye.jwt.config.JWTAuthContextInfoProvider.getOptionalContextInfo(JWTAuthContextInfoProvider.java:410)
	... 118 more

2565-04-10 22:24:34,940 laptop backend-dev.jar[22412] INFO  [io.quarkus] (Quarkus Main Thread) backend 1.0.0-SNAPSHOT on JVM (powered by Quarkus 1.13.2.Final) started in 7.084s. Listening on: http://localhost:9090
2565-04-10 22:24:34,942 laptop backend-dev.jar[22412] INFO  [io.quarkus] (Quarkus Main Thread) Profile dev activated. Live Coding activated.
2565-04-10 22:24:34,943 laptop backend-dev.jar[22412] INFO  [io.quarkus] (Quarkus Main Thread) Installed features: [agroal, cdi, hibernate-orm, hibernate-orm-panache, jdbc-mysql, kubernetes, mutiny, narayana-jta, rest-client, resteasy, resteasy-jackson, security, smallrye-context-propagation, smallrye-jwt, smallrye-openapi, spring-data-jpa, spring-di, swagger-ui, vertx, vertx-web]
2565-04-10 22:24:35,122 laptop backend-dev.jar[22412] ERROR [io.qua.ver.htt.run.QuarkusErrorHandler] (vert.x-eventloop-thread-7) HTTP Request to / failed, error id: 2def2083-79fa-4926-9c54-282f52eb2834-1: javax.enterprise.inject.spi.DeploymentException: SRJWT02002: Failed to read the public key content from 'mp.jwt.verify.publickey.location'
	at io.smallrye.jwt.config.JWTAuthContextInfoProvider.getOptionalContextInfo(JWTAuthContextInfoProvider.java:415)
	at io.smallrye.jwt.config.JWTAuthContextInfoProvider_Subclass.getOptionalContextInfo$$superaccessor6(JWTAuthContextInfoProvider_Subclass.zig:1354)
	at io.smallrye.jwt.config.JWTAuthContextInfoProvider_Subclass$$function$$6.apply(JWTAuthContextInfoProvider_Subclass$$function$$6.zig:29)
	at io.quarkus.arc.impl.AroundInvokeInvocationContext.proceed(AroundInvokeInvocationContext.java:54)
	at io.quarkus.arc.runtime.devconsole.InvocationInterceptor.proceed(InvocationInterceptor.java:63)
	at io.quarkus.arc.runtime.devconsole.InvocationInterceptor.monitor(InvocationInterceptor.java:51)
	at io.quarkus.arc.runtime.devconsole.InvocationInterceptor_Bean.intercept(InvocationInterceptor_Bean.zig:521)
	at io.quarkus.arc.impl.InterceptorInvocation.invoke(InterceptorInvocation.java:41)
	at io.quarkus.arc.impl.AroundInvokeInvocationContext.perform(AroundInvokeInvocationContext.java:41)
	at io.quarkus.arc.impl.InvocationContexts.performAroundInvoke(InvocationContexts.java:32)
	at io.smallrye.jwt.config.JWTAuthContextInfoProvider_Subclass.getOptionalContextInfo(JWTAuthContextInfoProvider_Subclass.zig:1312)
	at io.smallrye.jwt.config.JWTAuthContextInfoProvider.getContextInfo(JWTAuthContextInfoProvider.java:592)
	at io.smallrye.jwt.config.JWTAuthContextInfoProvider_Subclass.getContextInfo$$superaccessor18(JWTAuthContextInfoProvider_Subclass.zig:2640)
	at io.smallrye.jwt.config.JWTAuthContextInfoProvider_Subclass$$function$$18.apply(JWTAuthContextInfoProvider_Subclass$$function$$18.zig:29)
	at io.quarkus.arc.impl.AroundInvokeInvocationContext.proceed(AroundInvokeInvocationContext.java:54)
	at io.quarkus.arc.runtime.devconsole.InvocationInterceptor.proceed(InvocationInterceptor.java:63)
	at io.quarkus.arc.runtime.devconsole.InvocationInterceptor.monitor(InvocationInterceptor.java:51)
	at io.quarkus.arc.runtime.devconsole.InvocationInterceptor_Bean.intercept(InvocationInterceptor_Bean.zig:521)
	at io.quarkus.arc.impl.InterceptorInvocation.invoke(InterceptorInvocation.java:41)
	at io.quarkus.arc.impl.AroundInvokeInvocationContext.perform(AroundInvokeInvocationContext.java:41)
	at io.quarkus.arc.impl.InvocationContexts.performAroundInvoke(InvocationContexts.java:32)
	at io.smallrye.jwt.config.JWTAuthContextInfoProvider_Subclass.getContextInfo(JWTAuthContextInfoProvider_Subclass.zig:2598)
	at io.smallrye.jwt.config.JWTAuthContextInfoProvider_ProducerMethod_getContextInfo_21d111677ae04ef1a7cf911100af3482e4c3b30a_Bean.create(JWTAuthContextInfoProvider_ProducerMethod_getContextInfo_21d111677ae04ef1a7cf911100af3482e4c3b30a_Bean.zig:167)
	at io.smallrye.jwt.config.JWTAuthContextInfoProvider_ProducerMethod_getContextInfo_21d111677ae04ef1a7cf911100af3482e4c3b30a_Bean.create(JWTAuthContextInfoProvider_ProducerMethod_getContextInfo_21d111677ae04ef1a7cf911100af3482e4c3b30a_Bean.zig:205)
	at io.quarkus.arc.impl.AbstractSharedContext.createInstanceHandle(AbstractSharedContext.java:96)
	at io.quarkus.arc.impl.AbstractSharedContext.access$000(AbstractSharedContext.java:14)
	at io.quarkus.arc.impl.AbstractSharedContext$1.get(AbstractSharedContext.java:29)
	at io.quarkus.arc.impl.AbstractSharedContext$1.get(AbstractSharedContext.java:26)
	at io.quarkus.arc.impl.LazyValue.get(LazyValue.java:26)
	at io.quarkus.arc.impl.ComputingCache.computeIfAbsent(ComputingCache.java:69)
	at io.quarkus.arc.impl.AbstractSharedContext.get(AbstractSharedContext.java:26)
	at io.quarkus.arc.impl.ClientProxies.getApplicationScopedDelegate(ClientProxies.java:17)
	at io.smallrye.jwt.config.JWTAuthContextInfoProvider_ProducerMethod_getContextInfo_21d111677ae04ef1a7cf911100af3482e4c3b30a_ClientProxy.arc$delegate(JWTAuthContextInfoProvider_ProducerMethod_getContextInfo_21d111677ae04ef1a7cf911100af3482e4c3b30a_ClientProxy.zig:67)
	at io.smallrye.jwt.config.JWTAuthContextInfoProvider_ProducerMethod_getContextInfo_21d111677ae04ef1a7cf911100af3482e4c3b30a_ClientProxy.getTokenHeader(JWTAuthContextInfoProvider_ProducerMethod_getContextInfo_21d111677ae04ef1a7cf911100af3482e4c3b30a_ClientProxy.zig:1024)
	at io.quarkus.smallrye.jwt.runtime.auth.JWTAuthMechanism.getCredentialTransport(JWTAuthMechanism.java:97)
	at io.quarkus.smallrye.jwt.runtime.auth.JWTAuthMechanism_Subclass.getCredentialTransport$$superaccessor1(JWTAuthMechanism_Subclass.zig:301)
	at io.quarkus.smallrye.jwt.runtime.auth.JWTAuthMechanism_Subclass$$function$$1.apply(JWTAuthMechanism_Subclass$$function$$1.zig:29)
	at io.quarkus.arc.impl.AroundInvokeInvocationContext.proceed(AroundInvokeInvocationContext.java:54)
	at io.quarkus.arc.runtime.devconsole.InvocationInterceptor.proceed(InvocationInterceptor.java:63)
	at io.quarkus.arc.runtime.devconsole.InvocationInterceptor.monitor(InvocationInterceptor.java:51)
	at io.quarkus.arc.runtime.devconsole.InvocationInterceptor_Bean.intercept(InvocationInterceptor_Bean.zig:521)
	at io.quarkus.arc.impl.InterceptorInvocation.invoke(InterceptorInvocation.java:41)
	at io.quarkus.arc.impl.AroundInvokeInvocationContext.perform(AroundInvokeInvocationContext.java:41)
	at io.quarkus.arc.impl.InvocationContexts.performAroundInvoke(InvocationContexts.java:32)
	at io.quarkus.smallrye.jwt.runtime.auth.JWTAuthMechanism_Subclass.getCredentialTransport(JWTAuthMechanism_Subclass.zig:259)
	at io.quarkus.smallrye.jwt.runtime.auth.JWTAuthMechanism_ClientProxy.getCredentialTransport(JWTAuthMechanism_ClientProxy.zig:126)
	at io.quarkus.vertx.http.runtime.security.HttpAuthenticator.<init>(HttpAuthenticator.java:69)
	at io.quarkus.vertx.http.runtime.security.HttpAuthenticator_Subclass.<init>(HttpAuthenticator_Subclass.zig:26)
	at io.quarkus.vertx.http.runtime.security.HttpAuthenticator_Bean.create(HttpAuthenticator_Bean.zig:418)
	at io.quarkus.vertx.http.runtime.security.HttpAuthenticator_Bean.create(HttpAuthenticator_Bean.zig:479)
	at io.quarkus.arc.impl.AbstractSharedContext.createInstanceHandle(AbstractSharedContext.java:96)
	at io.quarkus.arc.impl.AbstractSharedContext.access$000(AbstractSharedContext.java:14)
	at io.quarkus.arc.impl.AbstractSharedContext$1.get(AbstractSharedContext.java:29)
	at io.quarkus.arc.impl.AbstractSharedContext$1.get(AbstractSharedContext.java:26)
	at io.quarkus.arc.impl.LazyValue.get(LazyValue.java:26)
	at io.quarkus.arc.impl.ComputingCache.computeIfAbsent(ComputingCache.java:69)
	at io.quarkus.arc.impl.AbstractSharedContext.get(AbstractSharedContext.java:26)
	at io.quarkus.arc.impl.ClientProxies.getApplicationScopedDelegate(ClientProxies.java:17)
	at io.quarkus.vertx.http.runtime.security.HttpAuthenticator_ClientProxy.arc$delegate(HttpAuthenticator_ClientProxy.zig:67)
	at io.quarkus.vertx.http.runtime.security.HttpAuthenticator_ClientProxy.attemptAuthentication(HttpAuthenticator_ClientProxy.zig:154)
	at io.quarkus.vertx.http.runtime.security.HttpSecurityRecorder$2.handle(HttpSecurityRecorder.java:101)
	at io.quarkus.vertx.http.runtime.security.HttpSecurityRecorder$2.handle(HttpSecurityRecorder.java:51)
	at io.vertx.ext.web.impl.RouteState.handleContext(RouteState.java:1038)
	at io.vertx.ext.web.impl.RoutingContextImplBase.iterateNext(RoutingContextImplBase.java:137)
	at io.vertx.ext.web.impl.RoutingContextImpl.next(RoutingContextImpl.java:132)
	at io.quarkus.vertx.http.runtime.cors.CORSFilter.handle(CORSFilter.java:92)
	at io.quarkus.vertx.http.runtime.cors.CORSFilter.handle(CORSFilter.java:18)
	at io.vertx.ext.web.impl.RouteState.handleContext(RouteState.java:1038)
	at io.vertx.ext.web.impl.RoutingContextImplBase.iterateNext(RoutingContextImplBase.java:137)
	at io.vertx.ext.web.impl.RoutingContextImpl.next(RoutingContextImpl.java:132)
	at io.quarkus.vertx.http.runtime.devmode.VertxHttpHotReplacementSetup$3.handle(VertxHttpHotReplacementSetup.java:86)
	at io.quarkus.vertx.http.runtime.devmode.VertxHttpHotReplacementSetup$3.handle(VertxHttpHotReplacementSetup.java:75)
	at io.vertx.core.impl.ContextImpl.lambda$null$0(ContextImpl.java:327)
	at io.vertx.core.impl.ContextImpl.executeTask(ContextImpl.java:366)
	at io.vertx.core.impl.EventLoopContext.lambda$executeAsync$0(EventLoopContext.java:38)
	at io.netty.util.concurrent.AbstractEventExecutor.safeExecute(AbstractEventExecutor.java:164)
	at io.netty.util.concurrent.SingleThreadEventExecutor.runAllTasks(SingleThreadEventExecutor.java:472)
	at io.netty.channel.nio.NioEventLoop.run(NioEventLoop.java:500)
	at io.netty.util.concurrent.SingleThreadEventExecutor$4.run(SingleThreadEventExecutor.java:989)
	at io.netty.util.internal.ThreadExecutorMap$2.run(ThreadExecutorMap.java:74)
	at io.netty.util.concurrent.FastThreadLocalRunnable.run(FastThreadLocalRunnable.java:30)
	at java.base/java.lang.Thread.run(Thread.java:829)
Caused by: java.net.MalformedURLException: unknown protocol: c
	at java.base/java.net.URL.<init>(URL.java:652)
	at java.base/java.net.URL.<init>(URL.java:541)
	at java.base/java.net.URL.<init>(URL.java:488)
	at io.smallrye.jwt.util.ResourceUtils$UrlStreamResolver.resolve(ResourceUtils.java:110)
	at io.smallrye.jwt.util.ResourceUtils.getResourceStream(ResourceUtils.java:81)
	at io.smallrye.jwt.util.ResourceUtils.readResource(ResourceUtils.java:44)
	at io.smallrye.jwt.util.ResourceUtils.readResource(ResourceUtils.java:39)
	at io.smallrye.jwt.config.JWTAuthContextInfoProvider.getOptionalContextInfo(JWTAuthContextInfoProvider.java:410)
	... 81 more

2565-04-10 22:24:35,347 laptop backend-dev.jar[22412] ERROR [io.qua.ver.htt.run.QuarkusErrorHandler] (vert.x-eventloop-thread-7) HTTP Request to /favicon.ico failed, error id: 2def2083-79fa-4926-9c54-282f52eb2834-2: javax.enterprise.inject.spi.DeploymentException: SRJWT02002: Failed to read the public key content from 'mp.jwt.verify.publickey.location'
	at io.smallrye.jwt.config.JWTAuthContextInfoProvider.getOptionalContextInfo(JWTAuthContextInfoProvider.java:415)
	at io.smallrye.jwt.config.JWTAuthContextInfoProvider_Subclass.getOptionalContextInfo$$superaccessor6(JWTAuthContextInfoProvider_Subclass.zig:1354)
	at io.smallrye.jwt.config.JWTAuthContextInfoProvider_Subclass$$function$$6.apply(JWTAuthContextInfoProvider_Subclass$$function$$6.zig:29)
	at io.quarkus.arc.impl.AroundInvokeInvocationContext.proceed(AroundInvokeInvocationContext.java:54)
	at io.quarkus.arc.runtime.devconsole.InvocationInterceptor.proceed(InvocationInterceptor.java:63)
	at io.quarkus.arc.runtime.devconsole.InvocationInterceptor.monitor(InvocationInterceptor.java:51)
	at io.quarkus.arc.runtime.devconsole.InvocationInterceptor_Bean.intercept(InvocationInterceptor_Bean.zig:521)
	at io.quarkus.arc.impl.InterceptorInvocation.invoke(InterceptorInvocation.java:41)
	at io.quarkus.arc.impl.AroundInvokeInvocationContext.perform(AroundInvokeInvocationContext.java:41)
	at io.quarkus.arc.impl.InvocationContexts.performAroundInvoke(InvocationContexts.java:32)
	at io.smallrye.jwt.config.JWTAuthContextInfoProvider_Subclass.getOptionalContextInfo(JWTAuthContextInfoProvider_Subclass.zig:1312)
	at io.smallrye.jwt.config.JWTAuthContextInfoProvider.getContextInfo(JWTAuthContextInfoProvider.java:592)
	at io.smallrye.jwt.config.JWTAuthContextInfoProvider_Subclass.getContextInfo$$superaccessor18(JWTAuthContextInfoProvider_Subclass.zig:2640)
	at io.smallrye.jwt.config.JWTAuthContextInfoProvider_Subclass$$function$$18.apply(JWTAuthContextInfoProvider_Subclass$$function$$18.zig:29)
	at io.quarkus.arc.impl.AroundInvokeInvocationContext.proceed(AroundInvokeInvocationContext.java:54)
	at io.quarkus.arc.runtime.devconsole.InvocationInterceptor.proceed(InvocationInterceptor.java:63)
	at io.quarkus.arc.runtime.devconsole.InvocationInterceptor.monitor(InvocationInterceptor.java:51)
	at io.quarkus.arc.runtime.devconsole.InvocationInterceptor_Bean.intercept(InvocationInterceptor_Bean.zig:521)
	at io.quarkus.arc.impl.InterceptorInvocation.invoke(InterceptorInvocation.java:41)
	at io.quarkus.arc.impl.AroundInvokeInvocationContext.perform(AroundInvokeInvocationContext.java:41)
	at io.quarkus.arc.impl.InvocationContexts.performAroundInvoke(InvocationContexts.java:32)
	at io.smallrye.jwt.config.JWTAuthContextInfoProvider_Subclass.getContextInfo(JWTAuthContextInfoProvider_Subclass.zig:2598)
	at io.smallrye.jwt.config.JWTAuthContextInfoProvider_ProducerMethod_getContextInfo_21d111677ae04ef1a7cf911100af3482e4c3b30a_Bean.create(JWTAuthContextInfoProvider_ProducerMethod_getContextInfo_21d111677ae04ef1a7cf911100af3482e4c3b30a_Bean.zig:167)
	at io.smallrye.jwt.config.JWTAuthContextInfoProvider_ProducerMethod_getContextInfo_21d111677ae04ef1a7cf911100af3482e4c3b30a_Bean.create(JWTAuthContextInfoProvider_ProducerMethod_getContextInfo_21d111677ae04ef1a7cf911100af3482e4c3b30a_Bean.zig:205)
	at io.quarkus.arc.impl.AbstractSharedContext.createInstanceHandle(AbstractSharedContext.java:96)
	at io.quarkus.arc.impl.AbstractSharedContext.access$000(AbstractSharedContext.java:14)
	at io.quarkus.arc.impl.AbstractSharedContext$1.get(AbstractSharedContext.java:29)
	at io.quarkus.arc.impl.AbstractSharedContext$1.get(AbstractSharedContext.java:26)
	at io.quarkus.arc.impl.LazyValue.get(LazyValue.java:26)
	at io.quarkus.arc.impl.ComputingCache.computeIfAbsent(ComputingCache.java:69)
	at io.quarkus.arc.impl.AbstractSharedContext.get(AbstractSharedContext.java:26)
	at io.quarkus.arc.impl.ClientProxies.getApplicationScopedDelegate(ClientProxies.java:17)
	at io.smallrye.jwt.config.JWTAuthContextInfoProvider_ProducerMethod_getContextInfo_21d111677ae04ef1a7cf911100af3482e4c3b30a_ClientProxy.arc$delegate(JWTAuthContextInfoProvider_ProducerMethod_getContextInfo_21d111677ae04ef1a7cf911100af3482e4c3b30a_ClientProxy.zig:67)
	at io.smallrye.jwt.config.JWTAuthContextInfoProvider_ProducerMethod_getContextInfo_21d111677ae04ef1a7cf911100af3482e4c3b30a_ClientProxy.getTokenHeader(JWTAuthContextInfoProvider_ProducerMethod_getContextInfo_21d111677ae04ef1a7cf911100af3482e4c3b30a_ClientProxy.zig:1024)
	at io.quarkus.smallrye.jwt.runtime.auth.JWTAuthMechanism.getCredentialTransport(JWTAuthMechanism.java:97)
	at io.quarkus.smallrye.jwt.runtime.auth.JWTAuthMechanism_Subclass.getCredentialTransport$$superaccessor1(JWTAuthMechanism_Subclass.zig:301)
	at io.quarkus.smallrye.jwt.runtime.auth.JWTAuthMechanism_Subclass$$function$$1.apply(JWTAuthMechanism_Subclass$$function$$1.zig:29)
	at io.quarkus.arc.impl.AroundInvokeInvocationContext.proceed(AroundInvokeInvocationContext.java:54)
	at io.quarkus.arc.runtime.devconsole.InvocationInterceptor.proceed(InvocationInterceptor.java:63)
	at io.quarkus.arc.runtime.devconsole.InvocationInterceptor.monitor(InvocationInterceptor.java:51)
	at io.quarkus.arc.runtime.devconsole.InvocationInterceptor_Bean.intercept(InvocationInterceptor_Bean.zig:521)
	at io.quarkus.arc.impl.InterceptorInvocation.invoke(InterceptorInvocation.java:41)
	at io.quarkus.arc.impl.AroundInvokeInvocationContext.perform(AroundInvokeInvocationContext.java:41)
	at io.quarkus.arc.impl.InvocationContexts.performAroundInvoke(InvocationContexts.java:32)
	at io.quarkus.smallrye.jwt.runtime.auth.JWTAuthMechanism_Subclass.getCredentialTransport(JWTAuthMechanism_Subclass.zig:259)
	at io.quarkus.smallrye.jwt.runtime.auth.JWTAuthMechanism_ClientProxy.getCredentialTransport(JWTAuthMechanism_ClientProxy.zig:126)
	at io.quarkus.vertx.http.runtime.security.HttpAuthenticator.<init>(HttpAuthenticator.java:69)
	at io.quarkus.vertx.http.runtime.security.HttpAuthenticator_Subclass.<init>(HttpAuthenticator_Subclass.zig:26)
	at io.quarkus.vertx.http.runtime.security.HttpAuthenticator_Bean.create(HttpAuthenticator_Bean.zig:418)
	at io.quarkus.vertx.http.runtime.security.HttpAuthenticator_Bean.create(HttpAuthenticator_Bean.zig:479)
	at io.quarkus.arc.impl.AbstractSharedContext.createInstanceHandle(AbstractSharedContext.java:96)
	at io.quarkus.arc.impl.AbstractSharedContext.access$000(AbstractSharedContext.java:14)
	at io.quarkus.arc.impl.AbstractSharedContext$1.get(AbstractSharedContext.java:29)
	at io.quarkus.arc.impl.AbstractSharedContext$1.get(AbstractSharedContext.java:26)
	at io.quarkus.arc.impl.LazyValue.get(LazyValue.java:26)
	at io.quarkus.arc.impl.ComputingCache.computeIfAbsent(ComputingCache.java:69)
	at io.quarkus.arc.impl.AbstractSharedContext.get(AbstractSharedContext.java:26)
	at io.quarkus.arc.impl.ClientProxies.getApplicationScopedDelegate(ClientProxies.java:17)
	at io.quarkus.vertx.http.runtime.security.HttpAuthenticator_ClientProxy.arc$delegate(HttpAuthenticator_ClientProxy.zig:67)
	at io.quarkus.vertx.http.runtime.security.HttpAuthenticator_ClientProxy.attemptAuthentication(HttpAuthenticator_ClientProxy.zig:154)
	at io.quarkus.vertx.http.runtime.security.HttpSecurityRecorder$2.handle(HttpSecurityRecorder.java:101)
	at io.quarkus.vertx.http.runtime.security.HttpSecurityRecorder$2.handle(HttpSecurityRecorder.java:51)
	at io.vertx.ext.web.impl.RouteState.handleContext(RouteState.java:1038)
	at io.vertx.ext.web.impl.RoutingContextImplBase.iterateNext(RoutingContextImplBase.java:137)
	at io.vertx.ext.web.impl.RoutingContextImpl.next(RoutingContextImpl.java:132)
	at io.quarkus.vertx.http.runtime.cors.CORSFilter.handle(CORSFilter.java:92)
	at io.quarkus.vertx.http.runtime.cors.CORSFilter.handle(CORSFilter.java:18)
	at io.vertx.ext.web.impl.RouteState.handleContext(RouteState.java:1038)
	at io.vertx.ext.web.impl.RoutingContextImplBase.iterateNext(RoutingContextImplBase.java:137)
	at io.vertx.ext.web.impl.RoutingContextImpl.next(RoutingContextImpl.java:132)
	at io.quarkus.vertx.http.runtime.devmode.VertxHttpHotReplacementSetup.handleHotReplacementRequest(VertxHttpHotReplacementSetup.java:47)
	at io.quarkus.vertx.http.runtime.VertxHttpRecorder$5.handle(VertxHttpRecorder.java:352)
	at io.quarkus.vertx.http.runtime.VertxHttpRecorder$5.handle(VertxHttpRecorder.java:348)
	at io.vertx.ext.web.impl.RouteState.handleContext(RouteState.java:1038)
	at io.vertx.ext.web.impl.RoutingContextImplBase.iterateNext(RoutingContextImplBase.java:137)
	at io.vertx.ext.web.impl.RoutingContextImpl.next(RoutingContextImpl.java:132)
	at io.vertx.ext.web.impl.RouterImpl.handle(RouterImpl.java:54)
	at io.vertx.ext.web.impl.RouterImpl.handle(RouterImpl.java:36)
	at io.quarkus.vertx.http.runtime.VertxHttpRecorder$9.handle(VertxHttpRecorder.java:429)
	at io.quarkus.vertx.http.runtime.VertxHttpRecorder$9.handle(VertxHttpRecorder.java:426)
	at io.quarkus.vertx.http.runtime.VertxHttpRecorder$1.handle(VertxHttpRecorder.java:152)
	at io.quarkus.vertx.http.runtime.VertxHttpRecorder$1.handle(VertxHttpRecorder.java:131)
	at io.vertx.core.http.impl.WebSocketRequestHandler.handle(WebSocketRequestHandler.java:50)
	at io.vertx.core.http.impl.WebSocketRequestHandler.handle(WebSocketRequestHandler.java:32)
	at io.vertx.core.http.impl.Http1xServerConnection.handleMessage(Http1xServerConnection.java:136)
	at io.vertx.core.impl.ContextImpl.executeTask(ContextImpl.java:366)
	at io.vertx.core.impl.EventLoopContext.execute(EventLoopContext.java:43)
	at io.vertx.core.impl.ContextImpl.executeFromIO(ContextImpl.java:229)
	at io.vertx.core.net.impl.VertxHandler.channelRead(VertxHandler.java:164)
	at io.netty.channel.AbstractChannelHandlerContext.invokeChannelRead(AbstractChannelHandlerContext.java:379)
	at io.netty.channel.AbstractChannelHandlerContext.invokeChannelRead(AbstractChannelHandlerContext.java:365)
	at io.netty.channel.AbstractChannelHandlerContext.fireChannelRead(AbstractChannelHandlerContext.java:357)
	at io.netty.channel.ChannelInboundHandlerAdapter.channelRead(ChannelInboundHandlerAdapter.java:93)
	at io.netty.handler.codec.http.websocketx.extensions.WebSocketServerExtensionHandler.channelRead(WebSocketServerExtensionHandler.java:101)
	at io.netty.channel.AbstractChannelHandlerContext.invokeChannelRead(AbstractChannelHandlerContext.java:379)
	at io.netty.channel.AbstractChannelHandlerContext.invokeChannelRead(AbstractChannelHandlerContext.java:365)
	at io.netty.channel.AbstractChannelHandlerContext.fireChannelRead(AbstractChannelHandlerContext.java:357)
	at io.netty.handler.timeout.IdleStateHandler.channelRead(IdleStateHandler.java:286)
	at io.netty.channel.AbstractChannelHandlerContext.invokeChannelRead(AbstractChannelHandlerContext.java:379)
	at io.netty.channel.AbstractChannelHandlerContext.invokeChannelRead(AbstractChannelHandlerContext.java:365)
	at io.netty.channel.AbstractChannelHandlerContext.fireChannelRead(AbstractChannelHandlerContext.java:357)
	at io.netty.handler.codec.ByteToMessageDecoder.fireChannelRead(ByteToMessageDecoder.java:324)
	at io.netty.handler.codec.ByteToMessageDecoder.channelRead(ByteToMessageDecoder.java:296)
	at io.netty.channel.AbstractChannelHandlerContext.invokeChannelRead(AbstractChannelHandlerContext.java:379)
	at io.netty.channel.AbstractChannelHandlerContext.invokeChannelRead(AbstractChannelHandlerContext.java:365)
	at io.netty.channel.AbstractChannelHandlerContext.fireChannelRead(AbstractChannelHandlerContext.java:357)
	at io.netty.channel.DefaultChannelPipeline$HeadContext.channelRead(DefaultChannelPipeline.java:1410)
	at io.netty.channel.AbstractChannelHandlerContext.invokeChannelRead(AbstractChannelHandlerContext.java:379)
	at io.netty.channel.AbstractChannelHandlerContext.invokeChannelRead(AbstractChannelHandlerContext.java:365)
	at io.netty.channel.DefaultChannelPipeline.fireChannelRead(DefaultChannelPipeline.java:919)
	at io.netty.channel.nio.AbstractNioByteChannel$NioByteUnsafe.read(AbstractNioByteChannel.java:163)
	at io.netty.channel.nio.NioEventLoop.processSelectedKey(NioEventLoop.java:714)
	at io.netty.channel.nio.NioEventLoop.processSelectedKeysOptimized(NioEventLoop.java:650)
	at io.netty.channel.nio.NioEventLoop.processSelectedKeys(NioEventLoop.java:576)
	at io.netty.channel.nio.NioEventLoop.run(NioEventLoop.java:493)
	at io.netty.util.concurrent.SingleThreadEventExecutor$4.run(SingleThreadEventExecutor.java:989)
	at io.netty.util.internal.ThreadExecutorMap$2.run(ThreadExecutorMap.java:74)
	at io.netty.util.concurrent.FastThreadLocalRunnable.run(FastThreadLocalRunnable.java:30)
	at java.base/java.lang.Thread.run(Thread.java:829)
Caused by: java.net.MalformedURLException: unknown protocol: c
	at java.base/java.net.URL.<init>(URL.java:652)
	at java.base/java.net.URL.<init>(URL.java:541)
	at java.base/java.net.URL.<init>(URL.java:488)
	at io.smallrye.jwt.util.ResourceUtils$UrlStreamResolver.resolve(ResourceUtils.java:110)
	at io.smallrye.jwt.util.ResourceUtils.getResourceStream(ResourceUtils.java:81)
	at io.smallrye.jwt.util.ResourceUtils.readResource(ResourceUtils.java:44)
	at io.smallrye.jwt.util.ResourceUtils.readResource(ResourceUtils.java:39)
	at io.smallrye.jwt.config.JWTAuthContextInfoProvider.getOptionalContextInfo(JWTAuthContextInfoProvider.java:410)
	... 118 more

2565-04-10 22:25:58,079 laptop backend-dev.jar[24428] ERROR [io.qua.run.Application] (Quarkus Main Thread) Port 9090 seems to be in use by another process. Quarkus may already be running or the port is used by another application.
2565-04-10 22:25:58,084 laptop backend-dev.jar[24428] INFO  [io.qua.run.Application] (Quarkus Main Thread) Use 'netstat -a -b -n -o' to identify the process occupying the port.
2565-04-10 22:25:58,085 laptop backend-dev.jar[24428] INFO  [io.qua.run.Application] (Quarkus Main Thread) You can try to kill it with 'taskkill /PID <pid>' or via the Task Manager.
2565-04-10 22:26:01,356 laptop backend-dev.jar[22412] INFO  [io.qua.dep.dev.RuntimeUpdatesProcessor] (vert.x-worker-thread-1) File change detected: C:\ProjectCode\NapzZ-Backend\src\main\resources\application.properties
2565-04-10 22:26:01,363 laptop backend-dev.jar[22412] ERROR [io.qua.ver.htt.run.dev.DevConsoleRecorder] (Quarkus Main Thread) Error cleaning up DEV Console temporary directory: C:\Users\Test\AppData\Local\Temp\quarkus\com.napzz\backend\io.quarkus\quarkus-vertx-http-deployment\1.13.2.Final: java.nio.file.NoSuchFileException: C:\Users\Test\AppData\Local\Temp\quarkus\com.napzz\backend\io.quarkus\quarkus-vertx-http-deployment\1.13.2.Final
	at java.base/sun.nio.fs.WindowsException.translateToIOException(WindowsException.java:85)
	at java.base/sun.nio.fs.WindowsException.rethrowAsIOException(WindowsException.java:103)
	at java.base/sun.nio.fs.WindowsException.rethrowAsIOException(WindowsException.java:108)
	at java.base/sun.nio.fs.WindowsFileAttributeViews$Basic.readAttributes(WindowsFileAttributeViews.java:53)
	at java.base/sun.nio.fs.WindowsFileAttributeViews$Basic.readAttributes(WindowsFileAttributeViews.java:38)
	at java.base/sun.nio.fs.WindowsFileSystemProvider.readAttributes(WindowsFileSystemProvider.java:198)
	at java.base/java.nio.file.Files.readAttributes(Files.java:1764)
	at java.base/java.nio.file.FileTreeWalker.getAttributes(FileTreeWalker.java:219)
	at java.base/java.nio.file.FileTreeWalker.visit(FileTreeWalker.java:276)
	at java.base/java.nio.file.FileTreeWalker.walk(FileTreeWalker.java:322)
	at java.base/java.nio.file.Files.walkFileTree(Files.java:2717)
	at java.base/java.nio.file.Files.walkFileTree(Files.java:2797)
	at io.quarkus.vertx.http.runtime.devmode.DevConsoleRecorder$CleanupDevConsoleTempDirectory.run(DevConsoleRecorder.java:58)
	at io.quarkus.runtime.StartupContext.runAllInReverseOrder(StartupContext.java:83)
	at io.quarkus.runtime.StartupContext.close(StartupContext.java:72)
	at io.quarkus.runner.ApplicationImpl.doStop(ApplicationImpl.zig:1036)
	at io.quarkus.runtime.Application.stop(Application.java:188)
	at io.quarkus.runtime.Application.stop(Application.java:140)
	at io.quarkus.runtime.ApplicationLifecycleManager.run(ApplicationLifecycleManager.java:191)
	at io.quarkus.runtime.Quarkus.run(Quarkus.java:66)
	at io.quarkus.runtime.Quarkus.run(Quarkus.java:42)
	at io.quarkus.runtime.Quarkus.run(Quarkus.java:119)
	at io.quarkus.runner.GeneratedMain.main(GeneratedMain.zig:29)
	at java.base/jdk.internal.reflect.NativeMethodAccessorImpl.invoke0(Native Method)
	at java.base/jdk.internal.reflect.NativeMethodAccessorImpl.invoke(NativeMethodAccessorImpl.java:62)
	at java.base/jdk.internal.reflect.DelegatingMethodAccessorImpl.invoke(DelegatingMethodAccessorImpl.java:43)
	at java.base/java.lang.reflect.Method.invoke(Method.java:566)
	at io.quarkus.runner.bootstrap.StartupActionImpl$3.run(StartupActionImpl.java:134)
	at java.base/java.lang.Thread.run(Thread.java:829)

2565-04-10 22:26:01,451 laptop backend-dev.jar[22412] INFO  [io.quarkus] (Quarkus Main Thread) backend stopped in 0.089s
